 function_cannot_inline_p save_for_inline copy_for_inline expand_inline_function copy_parm_decls copy_decl_tree copy_rtx_and_substitute copy_address try_fold_cc0 fold_out_const_cc0 output_inline_function
time in parse: 0.024001
time in integration: 0.008000
time in jump: 0.192013
time in cse: 0.432027
time in loop: 0.060003
time in cse2: 0.368022
time in flow: 0.580037
time in combine: 0.112008
time in sched: 0.260016
time in local-alloc: 0.052003
time in global-alloc: 0.204012
time in sched2: 0.196012
time in dbranch: 0.072006
time in shorten-branch: 0.000000
time in stack-reg: 0.000000
time in final: 0.020001
time in varconst: 0.000000
time in symout: 0.000000
time in dump: 0.000000
